[11:44:56] Guest GET / [] 
[11:44:59] Guest GET login [] 
[11:45:02] Guest POST login {"_token":"lJL5KISdf8IZwSHsWV6qlbf7u0jpbZwExS7k1yOV","email":"navid.hero.1@gmail.com","password":"123456"} 
[11:45:02] navid.hero.1@gmail.com GET admin [] 
[11:45:02] navid.hero.1@gmail.com GET admin/dashboard [] 
[11:45:04] navid.hero.1@gmail.com GET admin/products [] 
[11:47:39] navid.hero.1@gmail.com GET admin/products [] 
[11:47:44] navid.hero.1@gmail.com GET admin/products [] 
[11:48:50] navid.hero.1@gmail.com GET admin/products [] 
[11:49:14] navid.hero.1@gmail.com GET admin/products [] 
[11:49:41] navid.hero.1@gmail.com GET admin/products [] 
[11:50:04] navid.hero.1@gmail.com GET admin/products [] 
[11:50:18] navid.hero.1@gmail.com GET admin/products [] 
[11:50:37] navid.hero.1@gmail.com GET admin/products [] 
[11:50:46] navid.hero.1@gmail.com GET admin/products [] 
[11:50:55] navid.hero.1@gmail.com GET admin/products [] 
[11:50:59] navid.hero.1@gmail.com GET admin/products [] 
[12:09:33] navid.hero.1@gmail.com GET admin/products [] 
[12:09:35] navid.hero.1@gmail.com GET admin/products/3/importServices [] 
[12:10:12] navid.hero.1@gmail.com GET admin/products/3/importServices [] 
[12:14:49] navid.hero.1@gmail.com GET admin/products/3/importServices [] 
[12:15:12] navid.hero.1@gmail.com GET admin/products/3/importServices [] 
[12:15:23] navid.hero.1@gmail.com GET admin/products/3/importServices [] 
[12:15:25] navid.hero.1@gmail.com POST admin/products/importServices {"_token":"0IWee46ORrLvHr9SLWQWVya7Af7w44qHn7PG2Wta","id":"3"} 
[12:16:10] navid.hero.1@gmail.com GET admin/products/3/importServices [] 
[12:16:12] navid.hero.1@gmail.com POST admin/products/importServices {"_token":"0IWee46ORrLvHr9SLWQWVya7Af7w44qHn7PG2Wta","id":"3"} 
[12:18:08] navid.hero.1@gmail.com POST admin/products/importServices {"_token":"0IWee46ORrLvHr9SLWQWVya7Af7w44qHn7PG2Wta","id":"3"} 
[12:18:32] navid.hero.1@gmail.com POST admin/products/importServices {"_token":"0IWee46ORrLvHr9SLWQWVya7Af7w44qHn7PG2Wta","id":"3"} 
[12:18:33] navid.hero.1@gmail.com GET admin/products/3/importServices [] 
[12:18:40] navid.hero.1@gmail.com POST admin/products/importServices {"_token":"0IWee46ORrLvHr9SLWQWVya7Af7w44qHn7PG2Wta","id":"3","csv":{}} 
[12:18:40] navid.hero.1@gmail.com GET admin/products/3/importServices [] 
[12:19:25] navid.hero.1@gmail.com POST admin/products/importServices {"_token":"0IWee46ORrLvHr9SLWQWVya7Af7w44qHn7PG2Wta","id":"3","csv":{},"files":{}} 
[12:19:51] navid.hero.1@gmail.com POST admin/products/importServices {"_token":"0IWee46ORrLvHr9SLWQWVya7Af7w44qHn7PG2Wta","id":"3","csv":{},"files":{}} 
[12:21:22] navid.hero.1@gmail.com POST admin/products/importServices {"_token":"0IWee46ORrLvHr9SLWQWVya7Af7w44qHn7PG2Wta","id":"3","csv":{},"files":{}} 
[12:21:44] navid.hero.1@gmail.com POST admin/products/importServices {"_token":"0IWee46ORrLvHr9SLWQWVya7Af7w44qHn7PG2Wta","id":"3","csv":{},"files":{}} 
[12:22:18] navid.hero.1@gmail.com POST admin/products/importServices {"_token":"0IWee46ORrLvHr9SLWQWVya7Af7w44qHn7PG2Wta","id":"3","csv":{},"files":{}} 
[12:25:07] navid.hero.1@gmail.com POST admin/products/importServices {"_token":"0IWee46ORrLvHr9SLWQWVya7Af7w44qHn7PG2Wta","id":"3","csv":{},"files":{}} 
[12:25:39] navid.hero.1@gmail.com POST admin/products/importServices {"_token":"0IWee46ORrLvHr9SLWQWVya7Af7w44qHn7PG2Wta","id":"3","csv":{},"files":{}} 
[12:25:46] navid.hero.1@gmail.com POST admin/products/importServices {"_token":"0IWee46ORrLvHr9SLWQWVya7Af7w44qHn7PG2Wta","id":"3","csv":{},"files":{}} 
[12:26:16] navid.hero.1@gmail.com POST admin/products/importServices {"_token":"0IWee46ORrLvHr9SLWQWVya7Af7w44qHn7PG2Wta","id":"3","csv":{},"files":{}} 
[12:26:42] navid.hero.1@gmail.com POST admin/products/importServices {"_token":"0IWee46ORrLvHr9SLWQWVya7Af7w44qHn7PG2Wta","id":"3","csv":{},"files":{}} 
[12:28:38] navid.hero.1@gmail.com POST admin/products/importServices {"_token":"0IWee46ORrLvHr9SLWQWVya7Af7w44qHn7PG2Wta","id":"3","csv":{},"files":{}} 
[12:30:01] navid.hero.1@gmail.com POST admin/products/importServices {"_token":"0IWee46ORrLvHr9SLWQWVya7Af7w44qHn7PG2Wta","id":"3","csv":{},"files":{}} 
[12:31:55] navid.hero.1@gmail.com POST admin/products/importServices {"_token":"0IWee46ORrLvHr9SLWQWVya7Af7w44qHn7PG2Wta","id":"3","csv":{},"files":{}} 
[12:31:58] navid.hero.1@gmail.com GET admin/products/3/importServices [] 
[12:32:06] navid.hero.1@gmail.com POST admin/products/importServices {"_token":"0IWee46ORrLvHr9SLWQWVya7Af7w44qHn7PG2Wta","id":"3","csvFile":{},"zipFile":{}} 
[12:32:07] navid.hero.1@gmail.com GET admin/products/3/importServices [] 
[12:33:10] navid.hero.1@gmail.com POST admin/products/importServices {"_token":"0IWee46ORrLvHr9SLWQWVya7Af7w44qHn7PG2Wta","id":"3","csvFile":{},"zipFile":{}} 
[12:33:10] navid.hero.1@gmail.com GET admin/products/3/importServices [] 
[12:35:17] navid.hero.1@gmail.com POST admin/products/importServices {"_token":"0IWee46ORrLvHr9SLWQWVya7Af7w44qHn7PG2Wta","id":"3","csvFile":{},"zipFile":{}} 
[12:42:51] navid.hero.1@gmail.com GET admin/products/3/importServices [] 
[12:42:57] navid.hero.1@gmail.com POST admin/products/importServices {"_token":"0IWee46ORrLvHr9SLWQWVya7Af7w44qHn7PG2Wta","id":"3","csvFile":{},"zipFile":{}} 
[12:43:11] navid.hero.1@gmail.com POST admin/products/importServices {"_token":"0IWee46ORrLvHr9SLWQWVya7Af7w44qHn7PG2Wta","id":"3","csvFile":{},"zipFile":{}} 
[12:43:12] navid.hero.1@gmail.com GET admin/products/3/importServices [] 
[12:43:49] navid.hero.1@gmail.com POST admin/products/importServices {"_token":"0IWee46ORrLvHr9SLWQWVya7Af7w44qHn7PG2Wta","id":"3","csvFile":{},"zipFile":{}} 
[12:43:49] navid.hero.1@gmail.com GET admin/products/3/importServices [] 
[12:44:38] navid.hero.1@gmail.com POST admin/products/importServices {"_token":"0IWee46ORrLvHr9SLWQWVya7Af7w44qHn7PG2Wta","id":"3","csvFile":{},"zipFile":{}} 
[12:46:36] navid.hero.1@gmail.com POST admin/products/importServices {"_token":"0IWee46ORrLvHr9SLWQWVya7Af7w44qHn7PG2Wta","id":"3","csvFile":{},"zipFile":{}} 
[12:46:37] navid.hero.1@gmail.com GET admin/products/3/importServices [] 
[12:47:52] navid.hero.1@gmail.com GET / [] 
[12:49:33] navid.hero.1@gmail.com POST admin/products/importServices {"_token":"0IWee46ORrLvHr9SLWQWVya7Af7w44qHn7PG2Wta","id":"3","csvFile":{},"zipFile":{}} 
[12:49:33] navid.hero.1@gmail.com GET admin/products/3/importServices [] 
[14:10:53] navid.hero.1@gmail.com POST addToCart {"_token":"0IWee46ORrLvHr9SLWQWVya7Af7w44qHn7PG2Wta","cart":"{\"3\":{\"count\":1,\"title\":\"\u0648\u0627\u06cc\u0631\u06af\u0627\u0631\u062f \u06f1\u06f0 \u06af\u06cc\u06af\",\"price\":\"70000\"}}","discountCode":null} 
[14:10:55] navid.hero.1@gmail.com POST addToCart {"_token":"0IWee46ORrLvHr9SLWQWVya7Af7w44qHn7PG2Wta","cart":"{\"3\":{\"count\":2,\"title\":\"\u0648\u0627\u06cc\u0631\u06af\u0627\u0631\u062f \u06f1\u06f0 \u06af\u06cc\u06af\",\"price\":\"70000\"}}","discountCode":null} 
[14:10:55] navid.hero.1@gmail.com POST addToCart {"_token":"0IWee46ORrLvHr9SLWQWVya7Af7w44qHn7PG2Wta","cart":"{\"3\":{\"count\":3,\"title\":\"\u0648\u0627\u06cc\u0631\u06af\u0627\u0631\u062f \u06f1\u06f0 \u06af\u06cc\u06af\",\"price\":\"70000\"}}","discountCode":null} 
[14:10:55] navid.hero.1@gmail.com POST addToCart {"_token":"0IWee46ORrLvHr9SLWQWVya7Af7w44qHn7PG2Wta","cart":"{\"3\":{\"count\":4,\"title\":\"\u0648\u0627\u06cc\u0631\u06af\u0627\u0631\u062f \u06f1\u06f0 \u06af\u06cc\u06af\",\"price\":\"70000\"}}","discountCode":null} 
[14:10:56] navid.hero.1@gmail.com POST addToCart {"_token":"0IWee46ORrLvHr9SLWQWVya7Af7w44qHn7PG2Wta","cart":"{\"3\":{\"count\":5,\"title\":\"\u0648\u0627\u06cc\u0631\u06af\u0627\u0631\u062f \u06f1\u06f0 \u06af\u06cc\u06af\",\"price\":\"70000\"}}","discountCode":null} 
[14:10:56] navid.hero.1@gmail.com POST addToCart {"_token":"0IWee46ORrLvHr9SLWQWVya7Af7w44qHn7PG2Wta","cart":"{\"3\":{\"count\":6,\"title\":\"\u0648\u0627\u06cc\u0631\u06af\u0627\u0631\u062f \u06f1\u06f0 \u06af\u06cc\u06af\",\"price\":\"70000\"}}","discountCode":null} 
[14:10:56] navid.hero.1@gmail.com POST addToCart {"_token":"0IWee46ORrLvHr9SLWQWVya7Af7w44qHn7PG2Wta","cart":"{\"3\":{\"count\":7,\"title\":\"\u0648\u0627\u06cc\u0631\u06af\u0627\u0631\u062f \u06f1\u06f0 \u06af\u06cc\u06af\",\"price\":\"70000\"}}","discountCode":null} 
[14:10:56] navid.hero.1@gmail.com POST addToCart {"_token":"0IWee46ORrLvHr9SLWQWVya7Af7w44qHn7PG2Wta","cart":"{\"3\":{\"count\":8,\"title\":\"\u0648\u0627\u06cc\u0631\u06af\u0627\u0631\u062f \u06f1\u06f0 \u06af\u06cc\u06af\",\"price\":\"70000\"}}","discountCode":null} 
[14:10:57] navid.hero.1@gmail.com POST addToCart {"_token":"0IWee46ORrLvHr9SLWQWVya7Af7w44qHn7PG2Wta","cart":"{\"3\":{\"count\":9,\"title\":\"\u0648\u0627\u06cc\u0631\u06af\u0627\u0631\u062f \u06f1\u06f0 \u06af\u06cc\u06af\",\"price\":\"70000\"}}","discountCode":null} 
[14:10:57] navid.hero.1@gmail.com POST addToCart {"_token":"0IWee46ORrLvHr9SLWQWVya7Af7w44qHn7PG2Wta","cart":"{\"3\":{\"count\":9,\"title\":\"\u0648\u0627\u06cc\u0631\u06af\u0627\u0631\u062f \u06f1\u06f0 \u06af\u06cc\u06af\",\"price\":\"70000\"}}","discountCode":null} 
[14:10:57] navid.hero.1@gmail.com POST addToCart {"_token":"0IWee46ORrLvHr9SLWQWVya7Af7w44qHn7PG2Wta","cart":"{\"3\":{\"count\":9,\"title\":\"\u0648\u0627\u06cc\u0631\u06af\u0627\u0631\u062f \u06f1\u06f0 \u06af\u06cc\u06af\",\"price\":\"70000\"}}","discountCode":null} 
[14:11:00] navid.hero.1@gmail.com POST addToCart {"_token":"0IWee46ORrLvHr9SLWQWVya7Af7w44qHn7PG2Wta","cart":"{\"3\":{\"count\":8,\"title\":\"\u0648\u0627\u06cc\u0631\u06af\u0627\u0631\u062f \u06f1\u06f0 \u06af\u06cc\u06af\",\"price\":\"70000\"}}","discountCode":null} 
[14:11:00] navid.hero.1@gmail.com POST addToCart {"_token":"0IWee46ORrLvHr9SLWQWVya7Af7w44qHn7PG2Wta","cart":"{\"3\":{\"count\":7,\"title\":\"\u0648\u0627\u06cc\u0631\u06af\u0627\u0631\u062f \u06f1\u06f0 \u06af\u06cc\u06af\",\"price\":\"70000\"}}","discountCode":null} 
[14:11:01] navid.hero.1@gmail.com POST addToCart {"_token":"0IWee46ORrLvHr9SLWQWVya7Af7w44qHn7PG2Wta","cart":"{\"3\":{\"count\":6,\"title\":\"\u0648\u0627\u06cc\u0631\u06af\u0627\u0631\u062f \u06f1\u06f0 \u06af\u06cc\u06af\",\"price\":\"70000\"}}","discountCode":null} 
[14:11:01] navid.hero.1@gmail.com POST addToCart {"_token":"0IWee46ORrLvHr9SLWQWVya7Af7w44qHn7PG2Wta","cart":"{\"3\":{\"count\":5,\"title\":\"\u0648\u0627\u06cc\u0631\u06af\u0627\u0631\u062f \u06f1\u06f0 \u06af\u06cc\u06af\",\"price\":\"70000\"}}","discountCode":null} 
[14:11:01] navid.hero.1@gmail.com POST addToCart {"_token":"0IWee46ORrLvHr9SLWQWVya7Af7w44qHn7PG2Wta","cart":"{\"3\":{\"count\":4,\"title\":\"\u0648\u0627\u06cc\u0631\u06af\u0627\u0631\u062f \u06f1\u06f0 \u06af\u06cc\u06af\",\"price\":\"70000\"}}","discountCode":null} 
[14:11:01] navid.hero.1@gmail.com POST addToCart {"_token":"0IWee46ORrLvHr9SLWQWVya7Af7w44qHn7PG2Wta","cart":"{\"3\":{\"count\":3,\"title\":\"\u0648\u0627\u06cc\u0631\u06af\u0627\u0631\u062f \u06f1\u06f0 \u06af\u06cc\u06af\",\"price\":\"70000\"}}","discountCode":null} 
[14:11:02] navid.hero.1@gmail.com POST addToCart {"_token":"0IWee46ORrLvHr9SLWQWVya7Af7w44qHn7PG2Wta","cart":"{\"3\":{\"count\":2,\"title\":\"\u0648\u0627\u06cc\u0631\u06af\u0627\u0631\u062f \u06f1\u06f0 \u06af\u06cc\u06af\",\"price\":\"70000\"}}","discountCode":null} 
[14:11:02] navid.hero.1@gmail.com POST addToCart {"_token":"0IWee46ORrLvHr9SLWQWVya7Af7w44qHn7PG2Wta","cart":"{\"3\":{\"count\":1,\"title\":\"\u0648\u0627\u06cc\u0631\u06af\u0627\u0631\u062f \u06f1\u06f0 \u06af\u06cc\u06af\",\"price\":\"70000\"}}","discountCode":null} 
[14:11:02] navid.hero.1@gmail.com POST addToCart {"_token":"0IWee46ORrLvHr9SLWQWVya7Af7w44qHn7PG2Wta","cart":"{}","discountCode":null} 
[14:19:58] navid.hero.1@gmail.com GET admin/dashboard [] 
[14:20:03] navid.hero.1@gmail.com GET admin/categories [] 
[14:20:05] navid.hero.1@gmail.com GET admin/products [] 
[14:21:00] navid.hero.1@gmail.com GET admin/products [] 
[14:21:06] navid.hero.1@gmail.com GET admin/products [] 
[14:21:08] navid.hero.1@gmail.com GET admin/products [] 
[14:21:11] navid.hero.1@gmail.com GET admin/categories [] 
[14:21:12] navid.hero.1@gmail.com GET admin/products [] 
[14:21:21] navid.hero.1@gmail.com GET admin/products [] 
[14:21:24] navid.hero.1@gmail.com GET admin/dashboard [] 
[14:21:25] navid.hero.1@gmail.com GET admin/products [] 
[14:21:45] navid.hero.1@gmail.com GET admin/products [] 
[14:21:47] navid.hero.1@gmail.com GET admin/products [] 
[14:21:49] navid.hero.1@gmail.com GET admin/products [] 
[14:21:50] navid.hero.1@gmail.com GET admin/dashboard [] 
[14:21:57] navid.hero.1@gmail.com GET admin/products [] 
[14:22:16] navid.hero.1@gmail.com GET admin/products [] 
[14:22:18] navid.hero.1@gmail.com GET admin/products [] 
[14:22:19] navid.hero.1@gmail.com GET admin/products [] 
[14:22:21] navid.hero.1@gmail.com GET admin/products [] 
[14:22:22] navid.hero.1@gmail.com GET admin/products [] 
[14:22:24] navid.hero.1@gmail.com GET admin/products [] 
[14:22:25] navid.hero.1@gmail.com GET admin/products [] 
[14:22:44] navid.hero.1@gmail.com GET admin/products [] 
[14:22:46] navid.hero.1@gmail.com GET admin/products [] 
[14:23:08] navid.hero.1@gmail.com GET admin/products [] 
[14:23:18] navid.hero.1@gmail.com GET admin/products [] 
[14:23:20] navid.hero.1@gmail.com GET admin/products [] 
[14:23:21] navid.hero.1@gmail.com GET admin/products [] 
[14:23:23] navid.hero.1@gmail.com GET admin/products [] 
[14:23:32] navid.hero.1@gmail.com GET admin/products [] 
[14:23:34] navid.hero.1@gmail.com GET admin/products [] 
[14:23:36] navid.hero.1@gmail.com GET admin/products [] 
[14:24:06] navid.hero.1@gmail.com GET admin/products [] 
[14:25:36] navid.hero.1@gmail.com GET admin/products [] 
[14:25:38] navid.hero.1@gmail.com GET admin/products [] 
[14:26:18] navid.hero.1@gmail.com GET admin/products [] 
[14:27:41] navid.hero.1@gmail.com GET / [] 
[14:29:41] navid.hero.1@gmail.com GET admin/products [] 
[14:32:57] navid.hero.1@gmail.com GET admin/products [] 
[14:35:16] navid.hero.1@gmail.com GET admin/products [] 
[14:38:34] navid.hero.1@gmail.com GET admin/products [] 
[14:39:23] navid.hero.1@gmail.com GET admin/products [] 
[14:39:49] navid.hero.1@gmail.com GET admin/products [] 
[14:40:12] navid.hero.1@gmail.com GET admin/products [] 
[14:51:25] navid.hero.1@gmail.com GET admin/products [] 
[14:51:46] navid.hero.1@gmail.com GET admin/products [] 
[14:55:21] navid.hero.1@gmail.com GET admin/products [] 
[14:55:57] navid.hero.1@gmail.com GET admin/products [] 
[14:56:14] navid.hero.1@gmail.com PUT admin/products/4 {"_token":"0IWee46ORrLvHr9SLWQWVya7Af7w44qHn7PG2Wta","_method":"PUT","categories":["8"],"title":"\u0648\u0627\u06cc\u0631\u06af\u0627\u0631\u062f \u06f5\u06f0 \u06af\u06cc\u06af","description":"\u0622\u06cc \u067e\u06cc \u062b\u0627\u0628\u062a-\u062f\u0633\u062a\u0631\u0633\u06cc multi location-\u0642\u0627\u0628\u0644 \u0646\u0635\u0628 \u0631\u0648\u06cc \u062a\u0645\u0627\u0645 \u067e\u0644\u062a\u0641\u0631\u0645 \u0647\u0627","iType":"limited","period":"\u0645\u0627\u0647\u0627\u0646\u0647","allowed_traffic":"51","maximum_connections":null,"price":"150000","is_featured":"on","is_active":"on"} 
[14:56:14] navid.hero.1@gmail.com GET admin/products [] 
[14:56:21] navid.hero.1@gmail.com PUT admin/products/4 {"_token":"0IWee46ORrLvHr9SLWQWVya7Af7w44qHn7PG2Wta","_method":"PUT","title":"\u0648\u0627\u06cc\u0631\u06af\u0627\u0631\u062f \u06f5\u06f0 \u06af\u06cc\u06af","description":"\u0622\u06cc \u067e\u06cc \u062b\u0627\u0628\u062a-\u062f\u0633\u062a\u0631\u0633\u06cc multi location-\u0642\u0627\u0628\u0644 \u0646\u0635\u0628 \u0631\u0648\u06cc \u062a\u0645\u0627\u0645 \u067e\u0644\u062a\u0641\u0631\u0645 \u0647\u0627","iType":"limited","period":"\u062f\u0648 \u0645\u0627\u0647\u0647","allowed_traffic":"50","maximum_connections":null,"price":"150000","is_featured":"on","is_active":"on"} 
[14:56:21] navid.hero.1@gmail.com GET admin/products [] 
[14:56:28] navid.hero.1@gmail.com PUT admin/products/4 {"_token":"0IWee46ORrLvHr9SLWQWVya7Af7w44qHn7PG2Wta","_method":"PUT","title":"\u0648\u0627\u06cc\u0631\u06af\u0627\u0631\u062f \u06f5\u06f0 \u06af\u06cc\u06af","description":"\u0622\u06cc \u067e\u06cc \u062b\u0627\u0628\u062a-\u062f\u0633\u062a\u0631\u0633\u06cc multi location-\u0642\u0627\u0628\u0644 \u0646\u0635\u0628 \u0631\u0648\u06cc \u062a\u0645\u0627\u0645 \u067e\u0644\u062a\u0641\u0631\u0645 \u0647\u0627","iType":"unlimited","period":"\u062f\u0648 \u0645\u0627\u0647\u0647","allowed_traffic":"50.00","maximum_connections":null,"price":"150000","is_featured":"on","is_active":"on"} 
[14:56:28] navid.hero.1@gmail.com GET admin/products [] 
[14:56:39] navid.hero.1@gmail.com PUT admin/products/4 {"_token":"0IWee46ORrLvHr9SLWQWVya7Af7w44qHn7PG2Wta","_method":"PUT","title":"\u0648\u0627\u06cc\u0631\u06af\u0627\u0631\u062f \u06f5\u06f0 \u06af\u06cc\u06af","description":"\u0622\u06cc \u067e\u06cc \u062b\u0627\u0628\u062a-\u062f\u0633\u062a\u0631\u0633\u06cc multi location-\u0642\u0627\u0628\u0644 \u0646\u0635\u0628 \u0631\u0648\u06cc \u062a\u0645\u0627\u0645 \u067e\u0644\u062a\u0641\u0631\u0645 \u0647\u0627","iType":"limited","period":"\u0645\u0627\u0647\u0627\u0646\u0647","allowed_traffic":"50.00","maximum_connections":"2","price":"150000","is_featured":"on","is_active":"on"} 
[14:56:39] navid.hero.1@gmail.com GET admin/products [] 
[14:56:44] navid.hero.1@gmail.com PUT admin/products/4 {"_token":"0IWee46ORrLvHr9SLWQWVya7Af7w44qHn7PG2Wta","_method":"PUT","title":"\u0648\u0627\u06cc\u0631\u06af\u0627\u0631\u062f \u06f5\u06f0 \u06af\u06cc\u06af","description":"\u0622\u06cc \u067e\u06cc \u062b\u0627\u0628\u062a-\u062f\u0633\u062a\u0631\u0633\u06cc multi location-\u0642\u0627\u0628\u0644 \u0646\u0635\u0628 \u0631\u0648\u06cc \u062a\u0645\u0627\u0645 \u067e\u0644\u062a\u0641\u0631\u0645 \u0647\u0627","iType":"limited","period":"\u0645\u0627\u0647\u0627\u0646\u0647","allowed_traffic":"50.00","maximum_connections":null,"price":"150000","is_featured":"on","is_active":"on"} 
[14:56:44] navid.hero.1@gmail.com GET admin/products [] 
[14:57:55] navid.hero.1@gmail.com GET admin/products [] 
[14:58:18] navid.hero.1@gmail.com GET admin/products [] 
[14:58:25] navid.hero.1@gmail.com PUT admin/products/4 {"_token":"0IWee46ORrLvHr9SLWQWVya7Af7w44qHn7PG2Wta","_method":"PUT","title":"\u0648\u0627\u06cc\u0631\u06af\u0627\u0631\u062f \u06f5\u06f0 \u06af\u06cc\u06af","description":"\u0622\u06cc \u067e\u06cc \u062b\u0627\u0628\u062a-\u062f\u0633\u062a\u0631\u0633\u06cc multi location-\u0642\u0627\u0628\u0644 \u0646\u0635\u0628 \u0631\u0648\u06cc \u062a\u0645\u0627\u0645 \u067e\u0644\u062a\u0641\u0631\u0645 \u0647\u0627","iType":"limited","period":"\u0645\u0627\u0647\u0627\u0646\u0647","allowed_traffic":"50.00","maximum_connections":null,"price":"150000","is_featured":"on","is_active":"on"} 
[14:58:26] navid.hero.1@gmail.com GET admin/products [] 
[14:58:29] navid.hero.1@gmail.com PUT admin/products/4 {"_token":"0IWee46ORrLvHr9SLWQWVya7Af7w44qHn7PG2Wta","_method":"PUT","title":"\u0648\u0627\u06cc\u0631\u06af\u0627\u0631\u062f \u06f5\u06f0 \u06af\u06cc\u06af","description":"\u0622\u06cc \u067e\u06cc \u062b\u0627\u0628\u062a-\u062f\u0633\u062a\u0631\u0633\u06cc multi location-\u0642\u0627\u0628\u0644 \u0646\u0635\u0628 \u0631\u0648\u06cc \u062a\u0645\u0627\u0645 \u067e\u0644\u062a\u0641\u0631\u0645 \u0647\u0627","iType":"limited","period":"\u0633\u0647 \u0645\u0627\u0647\u0647","allowed_traffic":"50.00","maximum_connections":null,"price":"150000","is_featured":"on","is_active":"on"} 
[14:58:29] navid.hero.1@gmail.com GET admin/products [] 
[14:58:34] navid.hero.1@gmail.com PUT admin/products/4 {"_token":"0IWee46ORrLvHr9SLWQWVya7Af7w44qHn7PG2Wta","_method":"PUT","title":"\u0648\u0627\u06cc\u0631\u06af\u0627\u0631\u062f \u06f5\u06f0 \u06af\u06cc\u06af","description":"\u0622\u06cc \u067e\u06cc \u062b\u0627\u0628\u062a-\u062f\u0633\u062a\u0631\u0633\u06cc multi location-\u0642\u0627\u0628\u0644 \u0646\u0635\u0628 \u0631\u0648\u06cc \u062a\u0645\u0627\u0645 \u067e\u0644\u062a\u0641\u0631\u0645 \u0647\u0627","iType":"limited","period":"\u0645\u0627\u0647\u0627\u0646\u0647","allowed_traffic":"50.00","maximum_connections":null,"price":"150000","is_featured":"on","is_active":"on"} 
[14:58:34] navid.hero.1@gmail.com GET admin/products [] 
